DEBUG:pydub.converter:subprocess.call(['ffmpeg', '-y', '-i', 'nevergonna.mp3', '-acodec', 'pcm_s16le', '-vn', '-f', 'wav', '-'])
DEBUG:pydub.converter:subprocess.call(['ffmpeg', '-y', '-i', 'nevergonna.mp3', '-acodec', 'pcm_s16le', '-vn', '-f', 'wav', '-'])
DEBUG:pydub.converter:subprocess.call(['ffmpeg', '-y', '-i', 'nevergonna.mp3', '-acodec', 'pcm_s16le', '-vn', '-f', 'wav', '-'])
DEBUG:pydub.converter:subprocess.call(['ffmpeg', '-y', '-i', 'nevergonna.mp3', '-acodec', 'pcm_s16le', '-vn', '-f', 'wav', '-'])
DEBUG:pydub.converter:subprocess.call(['ffmpeg', '-y', '-i', 'nevergonna.mp3', '-acodec', 'pcm_s16le', '-vn', '-f', 'wav', '-'])
DEBUG:PIL.PngImagePlugin:STREAM b'IHDR' 16 13
DEBUG:PIL.PngImagePlugin:STREAM b'eXIf' 41 54
DEBUG:PIL.PngImagePlugin:STREAM b'oFFs' 107 9
DEBUG:PIL.PngImagePlugin:b'oFFs' 107 9 (unknown)
DEBUG:PIL.PngImagePlugin:STREAM b'pHYs' 128 9
DEBUG:PIL.PngImagePlugin:STREAM b'tEXt' 149 72
DEBUG:PIL.PngImagePlugin:STREAM b'tEXt' 233 24
DEBUG:PIL.PngImagePlugin:STREAM b'tEXt' 269 16
DEBUG:PIL.PngImagePlugin:STREAM b'tEXt' 297 9
DEBUG:PIL.PngImagePlugin:STREAM b'tEXt' 318 13
DEBUG:PIL.PngImagePlugin:STREAM b'tEXt' 343 11
DEBUG:PIL.PngImagePlugin:STREAM b'tEXt' 366 19
DEBUG:PIL.PngImagePlugin:STREAM b'IDAT' 397 8192
DEBUG:PIL.PngImagePlugin:STREAM b'IHDR' 16 13
DEBUG:PIL.PngImagePlugin:STREAM b'eXIf' 41 54
DEBUG:PIL.PngImagePlugin:STREAM b'oFFs' 107 9
DEBUG:PIL.PngImagePlugin:b'oFFs' 107 9 (unknown)
DEBUG:PIL.PngImagePlugin:STREAM b'pHYs' 128 9
DEBUG:PIL.PngImagePlugin:STREAM b'tEXt' 149 72
DEBUG:PIL.PngImagePlugin:STREAM b'tEXt' 233 24
DEBUG:PIL.PngImagePlugin:STREAM b'tEXt' 269 16
DEBUG:PIL.PngImagePlugin:STREAM b'tEXt' 297 9
DEBUG:PIL.PngImagePlugin:STREAM b'tEXt' 318 13
DEBUG:PIL.PngImagePlugin:STREAM b'tEXt' 343 11
DEBUG:PIL.PngImagePlugin:STREAM b'tEXt' 366 19
DEBUG:PIL.PngImagePlugin:STREAM b'IDAT' 397 8192
DEBUG:PIL.PngImagePlugin:STREAM b'eXIf' 404379 54
DEBUG:PIL.PngImagePlugin:STREAM b'IHDR' 16 13
DEBUG:PIL.PngImagePlugin:STREAM b'eXIf' 41 54
DEBUG:PIL.PngImagePlugin:STREAM b'oFFs' 107 9
DEBUG:PIL.PngImagePlugin:b'oFFs' 107 9 (unknown)
DEBUG:PIL.PngImagePlugin:STREAM b'pHYs' 128 9
DEBUG:PIL.PngImagePlugin:STREAM b'tEXt' 149 72
DEBUG:PIL.PngImagePlugin:STREAM b'tEXt' 233 24
DEBUG:PIL.PngImagePlugin:STREAM b'tEXt' 269 16
DEBUG:PIL.PngImagePlugin:STREAM b'tEXt' 297 9
DEBUG:PIL.PngImagePlugin:STREAM b'tEXt' 318 13
DEBUG:PIL.PngImagePlugin:STREAM b'tEXt' 343 11
DEBUG:PIL.PngImagePlugin:STREAM b'tEXt' 366 19
DEBUG:PIL.PngImagePlugin:STREAM b'IDAT' 397 8192
DEBUG:PIL.PngImagePlugin:STREAM b'IHDR' 16 13
DEBUG:PIL.PngImagePlugin:STREAM b'eXIf' 41 54
DEBUG:PIL.PngImagePlugin:STREAM b'oFFs' 107 9
DEBUG:PIL.PngImagePlugin:b'oFFs' 107 9 (unknown)
DEBUG:PIL.PngImagePlugin:STREAM b'pHYs' 128 9
DEBUG:PIL.PngImagePlugin:STREAM b'tEXt' 149 72
DEBUG:PIL.PngImagePlugin:STREAM b'tEXt' 233 24
DEBUG:PIL.PngImagePlugin:STREAM b'tEXt' 269 16
DEBUG:PIL.PngImagePlugin:STREAM b'tEXt' 297 9
DEBUG:PIL.PngImagePlugin:STREAM b'tEXt' 318 13
DEBUG:PIL.PngImagePlugin:STREAM b'tEXt' 343 11
DEBUG:PIL.PngImagePlugin:STREAM b'tEXt' 366 19
DEBUG:PIL.PngImagePlugin:STREAM b'IDAT' 397 8192
DEBUG:PIL.PngImagePlugin:STREAM b'eXIf' 404379 54
DEBUG:PIL.PngImagePlugin:STREAM b'IHDR' 16 13
DEBUG:PIL.PngImagePlugin:STREAM b'eXIf' 41 54
DEBUG:PIL.PngImagePlugin:STREAM b'oFFs' 107 9
DEBUG:PIL.PngImagePlugin:b'oFFs' 107 9 (unknown)
DEBUG:PIL.PngImagePlugin:STREAM b'pHYs' 128 9
DEBUG:PIL.PngImagePlugin:STREAM b'tEXt' 149 72
DEBUG:PIL.PngImagePlugin:STREAM b'tEXt' 233 24
DEBUG:PIL.PngImagePlugin:STREAM b'tEXt' 269 16
DEBUG:PIL.PngImagePlugin:STREAM b'tEXt' 297 9
DEBUG:PIL.PngImagePlugin:STREAM b'tEXt' 318 13
DEBUG:PIL.PngImagePlugin:STREAM b'tEXt' 343 11
DEBUG:PIL.PngImagePlugin:STREAM b'tEXt' 366 19
DEBUG:PIL.PngImagePlugin:STREAM b'IDAT' 397 8192
DEBUG:PIL.PngImagePlugin:STREAM b'IHDR' 16 13
DEBUG:PIL.PngImagePlugin:STREAM b'eXIf' 41 54
DEBUG:PIL.PngImagePlugin:STREAM b'oFFs' 107 9
DEBUG:PIL.PngImagePlugin:b'oFFs' 107 9 (unknown)
DEBUG:PIL.PngImagePlugin:STREAM b'pHYs' 128 9
DEBUG:PIL.PngImagePlugin:STREAM b'tEXt' 149 72
DEBUG:PIL.PngImagePlugin:STREAM b'tEXt' 233 24
DEBUG:PIL.PngImagePlugin:STREAM b'tEXt' 269 16
DEBUG:PIL.PngImagePlugin:STREAM b'tEXt' 297 9
DEBUG:PIL.PngImagePlugin:STREAM b'tEXt' 318 13
DEBUG:PIL.PngImagePlugin:STREAM b'tEXt' 343 11
DEBUG:PIL.PngImagePlugin:STREAM b'tEXt' 366 19
DEBUG:PIL.PngImagePlugin:STREAM b'IDAT' 397 8192
DEBUG:PIL.PngImagePlugin:STREAM b'eXIf' 404379 54
DEBUG:pydub.converter:subprocess.call(['ffmpeg', '-y', '-read_ahead_limit', '-1', '-i', 'cache:pipe:0', '-acodec', 'pcm_s16le', '-vn', '-f', 'wav', '-'])
DEBUG:PIL.PngImagePlugin:STREAM b'IHDR' 16 13
DEBUG:PIL.PngImagePlugin:STREAM b'eXIf' 41 54
DEBUG:PIL.PngImagePlugin:STREAM b'oFFs' 107 9
DEBUG:PIL.PngImagePlugin:b'oFFs' 107 9 (unknown)
DEBUG:PIL.PngImagePlugin:STREAM b'pHYs' 128 9
DEBUG:PIL.PngImagePlugin:STREAM b'tEXt' 149 72
DEBUG:PIL.PngImagePlugin:STREAM b'tEXt' 233 24
DEBUG:PIL.PngImagePlugin:STREAM b'tEXt' 269 16
DEBUG:PIL.PngImagePlugin:STREAM b'tEXt' 297 9
DEBUG:PIL.PngImagePlugin:STREAM b'tEXt' 318 13
DEBUG:PIL.PngImagePlugin:STREAM b'tEXt' 343 11
DEBUG:PIL.PngImagePlugin:STREAM b'tEXt' 366 19
DEBUG:PIL.PngImagePlugin:STREAM b'IDAT' 397 8192
DEBUG:PIL.PngImagePlugin:STREAM b'IHDR' 16 13
DEBUG:PIL.PngImagePlugin:STREAM b'eXIf' 41 54
DEBUG:PIL.PngImagePlugin:STREAM b'oFFs' 107 9
DEBUG:PIL.PngImagePlugin:b'oFFs' 107 9 (unknown)
DEBUG:PIL.PngImagePlugin:STREAM b'pHYs' 128 9
DEBUG:PIL.PngImagePlugin:STREAM b'tEXt' 149 72
DEBUG:PIL.PngImagePlugin:STREAM b'tEXt' 233 24
DEBUG:PIL.PngImagePlugin:STREAM b'tEXt' 269 16
DEBUG:PIL.PngImagePlugin:STREAM b'tEXt' 297 9
DEBUG:PIL.PngImagePlugin:STREAM b'tEXt' 318 13
DEBUG:PIL.PngImagePlugin:STREAM b'tEXt' 343 11
DEBUG:PIL.PngImagePlugin:STREAM b'tEXt' 366 19
DEBUG:PIL.PngImagePlugin:STREAM b'IDAT' 397 8192
DEBUG:PIL.PngImagePlugin:STREAM b'eXIf' 404379 54
DEBUG:PIL.PngImagePlugin:STREAM b'IHDR' 16 13
DEBUG:PIL.PngImagePlugin:STREAM b'eXIf' 41 54
DEBUG:PIL.PngImagePlugin:STREAM b'oFFs' 107 9
DEBUG:PIL.PngImagePlugin:b'oFFs' 107 9 (unknown)
DEBUG:PIL.PngImagePlugin:STREAM b'pHYs' 128 9
DEBUG:PIL.PngImagePlugin:STREAM b'tEXt' 149 72
DEBUG:PIL.PngImagePlugin:STREAM b'tEXt' 233 24
DEBUG:PIL.PngImagePlugin:STREAM b'tEXt' 269 16
DEBUG:PIL.PngImagePlugin:STREAM b'tEXt' 297 9
DEBUG:PIL.PngImagePlugin:STREAM b'tEXt' 318 13
DEBUG:PIL.PngImagePlugin:STREAM b'tEXt' 343 11
DEBUG:PIL.PngImagePlugin:STREAM b'tEXt' 366 19
DEBUG:PIL.PngImagePlugin:STREAM b'IDAT' 397 8192
DEBUG:PIL.PngImagePlugin:STREAM b'IHDR' 16 13
DEBUG:PIL.PngImagePlugin:STREAM b'eXIf' 41 54
DEBUG:PIL.PngImagePlugin:STREAM b'oFFs' 107 9
DEBUG:PIL.PngImagePlugin:b'oFFs' 107 9 (unknown)
DEBUG:PIL.PngImagePlugin:STREAM b'pHYs' 128 9
DEBUG:PIL.PngImagePlugin:STREAM b'tEXt' 149 72
DEBUG:PIL.PngImagePlugin:STREAM b'tEXt' 233 24
DEBUG:PIL.PngImagePlugin:STREAM b'tEXt' 269 16
DEBUG:PIL.PngImagePlugin:STREAM b'tEXt' 297 9
DEBUG:PIL.PngImagePlugin:STREAM b'tEXt' 318 13
DEBUG:PIL.PngImagePlugin:STREAM b'tEXt' 343 11
DEBUG:PIL.PngImagePlugin:STREAM b'tEXt' 366 19
DEBUG:PIL.PngImagePlugin:STREAM b'IDAT' 397 8192
DEBUG:PIL.PngImagePlugin:STREAM b'eXIf' 404379 54
DEBUG:PIL.PngImagePlugin:STREAM b'IHDR' 16 13
DEBUG:PIL.PngImagePlugin:STREAM b'eXIf' 41 54
DEBUG:PIL.PngImagePlugin:STREAM b'oFFs' 107 9
DEBUG:PIL.PngImagePlugin:b'oFFs' 107 9 (unknown)
DEBUG:PIL.PngImagePlugin:STREAM b'pHYs' 128 9
DEBUG:PIL.PngImagePlugin:STREAM b'tEXt' 149 72
DEBUG:PIL.PngImagePlugin:STREAM b'tEXt' 233 24
DEBUG:PIL.PngImagePlugin:STREAM b'tEXt' 269 16
DEBUG:PIL.PngImagePlugin:STREAM b'tEXt' 297 9
DEBUG:PIL.PngImagePlugin:STREAM b'tEXt' 318 13
DEBUG:PIL.PngImagePlugin:STREAM b'tEXt' 343 11
DEBUG:PIL.PngImagePlugin:STREAM b'tEXt' 366 19
DEBUG:PIL.PngImagePlugin:STREAM b'IDAT' 397 8192
DEBUG:PIL.PngImagePlugin:STREAM b'IHDR' 16 13
DEBUG:PIL.PngImagePlugin:STREAM b'eXIf' 41 54
DEBUG:PIL.PngImagePlugin:STREAM b'oFFs' 107 9
DEBUG:PIL.PngImagePlugin:b'oFFs' 107 9 (unknown)
DEBUG:PIL.PngImagePlugin:STREAM b'pHYs' 128 9
DEBUG:PIL.PngImagePlugin:STREAM b'tEXt' 149 72
DEBUG:PIL.PngImagePlugin:STREAM b'tEXt' 233 24
DEBUG:PIL.PngImagePlugin:STREAM b'tEXt' 269 16
DEBUG:PIL.PngImagePlugin:STREAM b'tEXt' 297 9
DEBUG:PIL.PngImagePlugin:STREAM b'tEXt' 318 13
DEBUG:PIL.PngImagePlugin:STREAM b'tEXt' 343 11
DEBUG:PIL.PngImagePlugin:STREAM b'tEXt' 366 19
DEBUG:PIL.PngImagePlugin:STREAM b'IDAT' 397 8192
DEBUG:PIL.PngImagePlugin:STREAM b'eXIf' 404379 54
DEBUG:PIL.PngImagePlugin:STREAM b'IHDR' 16 13
DEBUG:PIL.PngImagePlugin:STREAM b'eXIf' 41 54
DEBUG:PIL.PngImagePlugin:STREAM b'oFFs' 107 9
DEBUG:PIL.PngImagePlugin:b'oFFs' 107 9 (unknown)
DEBUG:PIL.PngImagePlugin:STREAM b'pHYs' 128 9
DEBUG:PIL.PngImagePlugin:STREAM b'tEXt' 149 72
DEBUG:PIL.PngImagePlugin:STREAM b'tEXt' 233 24
DEBUG:PIL.PngImagePlugin:STREAM b'tEXt' 269 16
DEBUG:PIL.PngImagePlugin:STREAM b'tEXt' 297 9
DEBUG:PIL.PngImagePlugin:STREAM b'tEXt' 318 13
DEBUG:PIL.PngImagePlugin:STREAM b'tEXt' 343 11
DEBUG:PIL.PngImagePlugin:STREAM b'tEXt' 366 19
DEBUG:PIL.PngImagePlugin:STREAM b'IDAT' 397 8192
DEBUG:PIL.PngImagePlugin:STREAM b'IHDR' 16 13
DEBUG:PIL.PngImagePlugin:STREAM b'eXIf' 41 54
DEBUG:PIL.PngImagePlugin:STREAM b'oFFs' 107 9
DEBUG:PIL.PngImagePlugin:b'oFFs' 107 9 (unknown)
DEBUG:PIL.PngImagePlugin:STREAM b'pHYs' 128 9
DEBUG:PIL.PngImagePlugin:STREAM b'tEXt' 149 72
DEBUG:PIL.PngImagePlugin:STREAM b'tEXt' 233 24
DEBUG:PIL.PngImagePlugin:STREAM b'tEXt' 269 16
DEBUG:PIL.PngImagePlugin:STREAM b'tEXt' 297 9
DEBUG:PIL.PngImagePlugin:STREAM b'tEXt' 318 13
DEBUG:PIL.PngImagePlugin:STREAM b'tEXt' 343 11
DEBUG:PIL.PngImagePlugin:STREAM b'tEXt' 366 19
DEBUG:PIL.PngImagePlugin:STREAM b'IDAT' 397 8192
DEBUG:PIL.PngImagePlugin:STREAM b'eXIf' 404379 54
DEBUG:PIL.PngImagePlugin:STREAM b'IHDR' 16 13
DEBUG:PIL.PngImagePlugin:STREAM b'eXIf' 41 54
DEBUG:PIL.PngImagePlugin:STREAM b'oFFs' 107 9
DEBUG:PIL.PngImagePlugin:b'oFFs' 107 9 (unknown)
DEBUG:PIL.PngImagePlugin:STREAM b'pHYs' 128 9
DEBUG:PIL.PngImagePlugin:STREAM b'tEXt' 149 72
DEBUG:PIL.PngImagePlugin:STREAM b'tEXt' 233 24
DEBUG:PIL.PngImagePlugin:STREAM b'tEXt' 269 16
DEBUG:PIL.PngImagePlugin:STREAM b'tEXt' 297 9
DEBUG:PIL.PngImagePlugin:STREAM b'tEXt' 318 13
DEBUG:PIL.PngImagePlugin:STREAM b'tEXt' 343 11
DEBUG:PIL.PngImagePlugin:STREAM b'tEXt' 366 19
DEBUG:PIL.PngImagePlugin:STREAM b'IDAT' 397 8192
DEBUG:PIL.PngImagePlugin:STREAM b'IHDR' 16 13
DEBUG:PIL.PngImagePlugin:STREAM b'eXIf' 41 54
DEBUG:PIL.PngImagePlugin:STREAM b'oFFs' 107 9
DEBUG:PIL.PngImagePlugin:b'oFFs' 107 9 (unknown)
DEBUG:PIL.PngImagePlugin:STREAM b'pHYs' 128 9
DEBUG:PIL.PngImagePlugin:STREAM b'tEXt' 149 72
DEBUG:PIL.PngImagePlugin:STREAM b'tEXt' 233 24
DEBUG:PIL.PngImagePlugin:STREAM b'tEXt' 269 16
DEBUG:PIL.PngImagePlugin:STREAM b'tEXt' 297 9
DEBUG:PIL.PngImagePlugin:STREAM b'tEXt' 318 13
DEBUG:PIL.PngImagePlugin:STREAM b'tEXt' 343 11
DEBUG:PIL.PngImagePlugin:STREAM b'tEXt' 366 19
DEBUG:PIL.PngImagePlugin:STREAM b'IDAT' 397 8192
DEBUG:PIL.PngImagePlugin:STREAM b'eXIf' 404379 54
DEBUG:PIL.PngImagePlugin:STREAM b'IHDR' 16 13
DEBUG:PIL.PngImagePlugin:STREAM b'eXIf' 41 54
DEBUG:PIL.PngImagePlugin:STREAM b'oFFs' 107 9
DEBUG:PIL.PngImagePlugin:b'oFFs' 107 9 (unknown)
DEBUG:PIL.PngImagePlugin:STREAM b'pHYs' 128 9
DEBUG:PIL.PngImagePlugin:STREAM b'tEXt' 149 72
DEBUG:PIL.PngImagePlugin:STREAM b'tEXt' 233 24
DEBUG:PIL.PngImagePlugin:STREAM b'tEXt' 269 16
DEBUG:PIL.PngImagePlugin:STREAM b'tEXt' 297 9
DEBUG:PIL.PngImagePlugin:STREAM b'tEXt' 318 13
DEBUG:PIL.PngImagePlugin:STREAM b'tEXt' 343 11
DEBUG:PIL.PngImagePlugin:STREAM b'tEXt' 366 19
DEBUG:PIL.PngImagePlugin:STREAM b'IDAT' 397 8192
DEBUG:PIL.PngImagePlugin:STREAM b'IHDR' 16 13
DEBUG:PIL.PngImagePlugin:STREAM b'eXIf' 41 54
DEBUG:PIL.PngImagePlugin:STREAM b'oFFs' 107 9
DEBUG:PIL.PngImagePlugin:b'oFFs' 107 9 (unknown)
DEBUG:PIL.PngImagePlugin:STREAM b'pHYs' 128 9
DEBUG:PIL.PngImagePlugin:STREAM b'tEXt' 149 72
DEBUG:PIL.PngImagePlugin:STREAM b'tEXt' 233 24
DEBUG:PIL.PngImagePlugin:STREAM b'tEXt' 269 16
DEBUG:PIL.PngImagePlugin:STREAM b'tEXt' 297 9
DEBUG:PIL.PngImagePlugin:STREAM b'tEXt' 318 13
DEBUG:PIL.PngImagePlugin:STREAM b'tEXt' 343 11
DEBUG:PIL.PngImagePlugin:STREAM b'tEXt' 366 19
DEBUG:PIL.PngImagePlugin:STREAM b'IDAT' 397 8192
DEBUG:PIL.PngImagePlugin:STREAM b'eXIf' 404379 54
DEBUG:pydub.converter:subprocess.call(['ffmpeg', '-y', '-i', 'nevergonna.mp3', '-acodec', 'pcm_s16le', '-vn', '-f', 'wav', '-'])
DEBUG:PIL.PngImagePlugin:STREAM b'IHDR' 16 13
DEBUG:PIL.PngImagePlugin:STREAM b'eXIf' 41 54
DEBUG:PIL.PngImagePlugin:STREAM b'oFFs' 107 9
DEBUG:PIL.PngImagePlugin:b'oFFs' 107 9 (unknown)
DEBUG:PIL.PngImagePlugin:STREAM b'pHYs' 128 9
DEBUG:PIL.PngImagePlugin:STREAM b'tEXt' 149 72
DEBUG:PIL.PngImagePlugin:STREAM b'tEXt' 233 24
DEBUG:PIL.PngImagePlugin:STREAM b'tEXt' 269 16
DEBUG:PIL.PngImagePlugin:STREAM b'tEXt' 297 9
DEBUG:PIL.PngImagePlugin:STREAM b'tEXt' 318 13
DEBUG:PIL.PngImagePlugin:STREAM b'tEXt' 343 11
DEBUG:PIL.PngImagePlugin:STREAM b'tEXt' 366 19
DEBUG:PIL.PngImagePlugin:STREAM b'IDAT' 397 8192
DEBUG:PIL.PngImagePlugin:STREAM b'IHDR' 16 13
DEBUG:PIL.PngImagePlugin:STREAM b'eXIf' 41 54
DEBUG:PIL.PngImagePlugin:STREAM b'oFFs' 107 9
DEBUG:PIL.PngImagePlugin:b'oFFs' 107 9 (unknown)
DEBUG:PIL.PngImagePlugin:STREAM b'pHYs' 128 9
DEBUG:PIL.PngImagePlugin:STREAM b'tEXt' 149 72
DEBUG:PIL.PngImagePlugin:STREAM b'tEXt' 233 24
DEBUG:PIL.PngImagePlugin:STREAM b'tEXt' 269 16
DEBUG:PIL.PngImagePlugin:STREAM b'tEXt' 297 9
DEBUG:PIL.PngImagePlugin:STREAM b'tEXt' 318 13
DEBUG:PIL.PngImagePlugin:STREAM b'tEXt' 343 11
DEBUG:PIL.PngImagePlugin:STREAM b'tEXt' 366 19
DEBUG:PIL.PngImagePlugin:STREAM b'IDAT' 397 8192
DEBUG:PIL.PngImagePlugin:STREAM b'eXIf' 404379 54
DEBUG:PIL.PngImagePlugin:STREAM b'IHDR' 16 13
DEBUG:PIL.PngImagePlugin:STREAM b'eXIf' 41 54
DEBUG:PIL.PngImagePlugin:STREAM b'oFFs' 107 9
DEBUG:PIL.PngImagePlugin:b'oFFs' 107 9 (unknown)
DEBUG:PIL.PngImagePlugin:STREAM b'pHYs' 128 9
DEBUG:PIL.PngImagePlugin:STREAM b'tEXt' 149 72
DEBUG:PIL.PngImagePlugin:STREAM b'tEXt' 233 24
DEBUG:PIL.PngImagePlugin:STREAM b'tEXt' 269 16
DEBUG:PIL.PngImagePlugin:STREAM b'tEXt' 297 9
DEBUG:PIL.PngImagePlugin:STREAM b'tEXt' 318 13
DEBUG:PIL.PngImagePlugin:STREAM b'tEXt' 343 11
DEBUG:PIL.PngImagePlugin:STREAM b'tEXt' 366 19
DEBUG:PIL.PngImagePlugin:STREAM b'IDAT' 397 8192
DEBUG:PIL.PngImagePlugin:STREAM b'IHDR' 16 13
DEBUG:PIL.PngImagePlugin:STREAM b'eXIf' 41 54
DEBUG:PIL.PngImagePlugin:STREAM b'oFFs' 107 9
DEBUG:PIL.PngImagePlugin:b'oFFs' 107 9 (unknown)
DEBUG:PIL.PngImagePlugin:STREAM b'pHYs' 128 9
DEBUG:PIL.PngImagePlugin:STREAM b'tEXt' 149 72
DEBUG:PIL.PngImagePlugin:STREAM b'tEXt' 233 24
DEBUG:PIL.PngImagePlugin:STREAM b'tEXt' 269 16
DEBUG:PIL.PngImagePlugin:STREAM b'tEXt' 297 9
DEBUG:PIL.PngImagePlugin:STREAM b'tEXt' 318 13
DEBUG:PIL.PngImagePlugin:STREAM b'tEXt' 343 11
DEBUG:PIL.PngImagePlugin:STREAM b'tEXt' 366 19
DEBUG:PIL.PngImagePlugin:STREAM b'IDAT' 397 8192
DEBUG:PIL.PngImagePlugin:STREAM b'eXIf' 404379 54
DEBUG:PIL.PngImagePlugin:STREAM b'IHDR' 16 13
DEBUG:PIL.PngImagePlugin:STREAM b'eXIf' 41 54
DEBUG:PIL.PngImagePlugin:STREAM b'oFFs' 107 9
DEBUG:PIL.PngImagePlugin:b'oFFs' 107 9 (unknown)
DEBUG:PIL.PngImagePlugin:STREAM b'pHYs' 128 9
DEBUG:PIL.PngImagePlugin:STREAM b'tEXt' 149 72
DEBUG:PIL.PngImagePlugin:STREAM b'tEXt' 233 24
DEBUG:PIL.PngImagePlugin:STREAM b'tEXt' 269 16
DEBUG:PIL.PngImagePlugin:STREAM b'tEXt' 297 9
DEBUG:PIL.PngImagePlugin:STREAM b'tEXt' 318 13
DEBUG:PIL.PngImagePlugin:STREAM b'tEXt' 343 11
DEBUG:PIL.PngImagePlugin:STREAM b'tEXt' 366 19
DEBUG:PIL.PngImagePlugin:STREAM b'IDAT' 397 8192
DEBUG:PIL.PngImagePlugin:STREAM b'IHDR' 16 13
DEBUG:PIL.PngImagePlugin:STREAM b'eXIf' 41 54
DEBUG:PIL.PngImagePlugin:STREAM b'oFFs' 107 9
DEBUG:PIL.PngImagePlugin:b'oFFs' 107 9 (unknown)
DEBUG:PIL.PngImagePlugin:STREAM b'pHYs' 128 9
DEBUG:PIL.PngImagePlugin:STREAM b'tEXt' 149 72
DEBUG:PIL.PngImagePlugin:STREAM b'tEXt' 233 24
DEBUG:PIL.PngImagePlugin:STREAM b'tEXt' 269 16
DEBUG:PIL.PngImagePlugin:STREAM b'tEXt' 297 9
DEBUG:PIL.PngImagePlugin:STREAM b'tEXt' 318 13
DEBUG:PIL.PngImagePlugin:STREAM b'tEXt' 343 11
DEBUG:PIL.PngImagePlugin:STREAM b'tEXt' 366 19
DEBUG:PIL.PngImagePlugin:STREAM b'IDAT' 397 8192
DEBUG:PIL.PngImagePlugin:STREAM b'eXIf' 404379 54
DEBUG:PIL.PngImagePlugin:STREAM b'IHDR' 16 13
DEBUG:PIL.PngImagePlugin:STREAM b'eXIf' 41 54
DEBUG:PIL.PngImagePlugin:STREAM b'oFFs' 107 9
DEBUG:PIL.PngImagePlugin:b'oFFs' 107 9 (unknown)
DEBUG:PIL.PngImagePlugin:STREAM b'pHYs' 128 9
DEBUG:PIL.PngImagePlugin:STREAM b'tEXt' 149 72
DEBUG:PIL.PngImagePlugin:STREAM b'tEXt' 233 24
DEBUG:PIL.PngImagePlugin:STREAM b'tEXt' 269 16
DEBUG:PIL.PngImagePlugin:STREAM b'tEXt' 297 9
DEBUG:PIL.PngImagePlugin:STREAM b'tEXt' 318 13
DEBUG:PIL.PngImagePlugin:STREAM b'tEXt' 343 11
DEBUG:PIL.PngImagePlugin:STREAM b'tEXt' 366 19
DEBUG:PIL.PngImagePlugin:STREAM b'IDAT' 397 8192
DEBUG:PIL.PngImagePlugin:STREAM b'IHDR' 16 13
DEBUG:PIL.PngImagePlugin:STREAM b'eXIf' 41 54
DEBUG:PIL.PngImagePlugin:STREAM b'oFFs' 107 9
DEBUG:PIL.PngImagePlugin:b'oFFs' 107 9 (unknown)
DEBUG:PIL.PngImagePlugin:STREAM b'pHYs' 128 9
DEBUG:PIL.PngImagePlugin:STREAM b'tEXt' 149 72
DEBUG:PIL.PngImagePlugin:STREAM b'tEXt' 233 24
DEBUG:PIL.PngImagePlugin:STREAM b'tEXt' 269 16
DEBUG:PIL.PngImagePlugin:STREAM b'tEXt' 297 9
DEBUG:PIL.PngImagePlugin:STREAM b'tEXt' 318 13
DEBUG:PIL.PngImagePlugin:STREAM b'tEXt' 343 11
DEBUG:PIL.PngImagePlugin:STREAM b'tEXt' 366 19
DEBUG:PIL.PngImagePlugin:STREAM b'IDAT' 397 8192
DEBUG:PIL.PngImagePlugin:STREAM b'eXIf' 404379 54
DEBUG:pydub.converter:subprocess.call(['ffmpeg', '-y', '-i', 'nevergonna.mp3', '-acodec', 'pcm_s16le', '-vn', '-f', 'wav', '-'])
DEBUG:PIL.PngImagePlugin:STREAM b'IHDR' 16 13
DEBUG:PIL.PngImagePlugin:STREAM b'eXIf' 41 54
DEBUG:PIL.PngImagePlugin:STREAM b'oFFs' 107 9
DEBUG:PIL.PngImagePlugin:b'oFFs' 107 9 (unknown)
DEBUG:PIL.PngImagePlugin:STREAM b'pHYs' 128 9
DEBUG:PIL.PngImagePlugin:STREAM b'tEXt' 149 72
DEBUG:PIL.PngImagePlugin:STREAM b'tEXt' 233 24
DEBUG:PIL.PngImagePlugin:STREAM b'tEXt' 269 16
DEBUG:PIL.PngImagePlugin:STREAM b'tEXt' 297 9
DEBUG:PIL.PngImagePlugin:STREAM b'tEXt' 318 13
DEBUG:PIL.PngImagePlugin:STREAM b'tEXt' 343 11
DEBUG:PIL.PngImagePlugin:STREAM b'tEXt' 366 19
DEBUG:PIL.PngImagePlugin:STREAM b'IDAT' 397 8192
DEBUG:PIL.PngImagePlugin:STREAM b'IHDR' 16 13
DEBUG:PIL.PngImagePlugin:STREAM b'eXIf' 41 54
DEBUG:PIL.PngImagePlugin:STREAM b'oFFs' 107 9
DEBUG:PIL.PngImagePlugin:b'oFFs' 107 9 (unknown)
DEBUG:PIL.PngImagePlugin:STREAM b'pHYs' 128 9
DEBUG:PIL.PngImagePlugin:STREAM b'tEXt' 149 72
DEBUG:PIL.PngImagePlugin:STREAM b'tEXt' 233 24
DEBUG:PIL.PngImagePlugin:STREAM b'tEXt' 269 16
DEBUG:PIL.PngImagePlugin:STREAM b'tEXt' 297 9
DEBUG:PIL.PngImagePlugin:STREAM b'tEXt' 318 13
DEBUG:PIL.PngImagePlugin:STREAM b'tEXt' 343 11
DEBUG:PIL.PngImagePlugin:STREAM b'tEXt' 366 19
DEBUG:PIL.PngImagePlugin:STREAM b'IDAT' 397 8192
DEBUG:PIL.PngImagePlugin:STREAM b'eXIf' 404379 54
DEBUG:PIL.PngImagePlugin:STREAM b'IHDR' 16 13
DEBUG:PIL.PngImagePlugin:STREAM b'eXIf' 41 54
DEBUG:PIL.PngImagePlugin:STREAM b'oFFs' 107 9
DEBUG:PIL.PngImagePlugin:b'oFFs' 107 9 (unknown)
DEBUG:PIL.PngImagePlugin:STREAM b'pHYs' 128 9
DEBUG:PIL.PngImagePlugin:STREAM b'tEXt' 149 72
DEBUG:PIL.PngImagePlugin:STREAM b'tEXt' 233 24
DEBUG:PIL.PngImagePlugin:STREAM b'tEXt' 269 16
DEBUG:PIL.PngImagePlugin:STREAM b'tEXt' 297 9
DEBUG:PIL.PngImagePlugin:STREAM b'tEXt' 318 13
DEBUG:PIL.PngImagePlugin:STREAM b'tEXt' 343 11
DEBUG:PIL.PngImagePlugin:STREAM b'tEXt' 366 19
DEBUG:PIL.PngImagePlugin:STREAM b'IDAT' 397 8192
DEBUG:PIL.PngImagePlugin:STREAM b'IHDR' 16 13
DEBUG:PIL.PngImagePlugin:STREAM b'eXIf' 41 54
DEBUG:PIL.PngImagePlugin:STREAM b'oFFs' 107 9
DEBUG:PIL.PngImagePlugin:b'oFFs' 107 9 (unknown)
DEBUG:PIL.PngImagePlugin:STREAM b'pHYs' 128 9
DEBUG:PIL.PngImagePlugin:STREAM b'tEXt' 149 72
DEBUG:PIL.PngImagePlugin:STREAM b'tEXt' 233 24
DEBUG:PIL.PngImagePlugin:STREAM b'tEXt' 269 16
DEBUG:PIL.PngImagePlugin:STREAM b'tEXt' 297 9
DEBUG:PIL.PngImagePlugin:STREAM b'tEXt' 318 13
DEBUG:PIL.PngImagePlugin:STREAM b'tEXt' 343 11
DEBUG:PIL.PngImagePlugin:STREAM b'tEXt' 366 19
DEBUG:PIL.PngImagePlugin:STREAM b'IDAT' 397 8192
DEBUG:PIL.PngImagePlugin:STREAM b'eXIf' 404379 54
DEBUG:pydub.converter:subprocess.call(['ffmpeg', '-y', '-i', 'nevergonna.mp3', '-acodec', 'pcm_s16le', '-vn', '-f', 'wav', '-'])
DEBUG:PIL.PngImagePlugin:STREAM b'IHDR' 16 13
DEBUG:PIL.PngImagePlugin:STREAM b'eXIf' 41 54
DEBUG:PIL.PngImagePlugin:STREAM b'oFFs' 107 9
DEBUG:PIL.PngImagePlugin:b'oFFs' 107 9 (unknown)
DEBUG:PIL.PngImagePlugin:STREAM b'pHYs' 128 9
DEBUG:PIL.PngImagePlugin:STREAM b'tEXt' 149 72
DEBUG:PIL.PngImagePlugin:STREAM b'tEXt' 233 24
DEBUG:PIL.PngImagePlugin:STREAM b'tEXt' 269 16
DEBUG:PIL.PngImagePlugin:STREAM b'tEXt' 297 9
DEBUG:PIL.PngImagePlugin:STREAM b'tEXt' 318 13
DEBUG:PIL.PngImagePlugin:STREAM b'tEXt' 343 11
DEBUG:PIL.PngImagePlugin:STREAM b'tEXt' 366 19
DEBUG:PIL.PngImagePlugin:STREAM b'IDAT' 397 8192
DEBUG:PIL.PngImagePlugin:STREAM b'IHDR' 16 13
DEBUG:PIL.PngImagePlugin:STREAM b'eXIf' 41 54
DEBUG:PIL.PngImagePlugin:STREAM b'oFFs' 107 9
DEBUG:PIL.PngImagePlugin:b'oFFs' 107 9 (unknown)
DEBUG:PIL.PngImagePlugin:STREAM b'pHYs' 128 9
DEBUG:PIL.PngImagePlugin:STREAM b'tEXt' 149 72
DEBUG:PIL.PngImagePlugin:STREAM b'tEXt' 233 24
DEBUG:PIL.PngImagePlugin:STREAM b'tEXt' 269 16
DEBUG:PIL.PngImagePlugin:STREAM b'tEXt' 297 9
DEBUG:PIL.PngImagePlugin:STREAM b'tEXt' 318 13
DEBUG:PIL.PngImagePlugin:STREAM b'tEXt' 343 11
DEBUG:PIL.PngImagePlugin:STREAM b'tEXt' 366 19
DEBUG:PIL.PngImagePlugin:STREAM b'IDAT' 397 8192
DEBUG:PIL.PngImagePlugin:STREAM b'eXIf' 404379 54
